Added Component: Designator=C1(C0805)
Added Component: Designator=C2(C0805)
Added Component: Designator=C3(C0805)
Added Component: Designator=C4(C0805)
Added Component: Designator=C5(C0805)
Added Component: Designator=C6(C0805)
Added Component: Designator=C7(C0805)
Added Component: Designator=C8(C0805)
Added Component: Designator=C9(C0805)
Added Component: Designator=C10(C0805)
Added Component: Designator=C11(C0805)
Added Component: Designator=C12(C0805)
Added Component: Designator=C13(C0805)
Added Component: Designator=C14(C0805)
Added Component: Designator=H1(C0805)
Added Component: Designator=H2(C0805)
Added Component: Designator=L1(L0805)
Added Component: Designator=L2(L0805)
Added Component: Designator=Q1(sot-23)
Added Component: Designator=R1(R0805)
Added Component: Designator=R2(R0805)
Added Component: Designator=R3(R0805)
Added Component: Designator=R4(R0805)
Added Component: Designator=R5(R0805)
Added Component: Designator=R6(R0805)
Added Component: Designator=S1(Tact_switch_smd)
Added Component: Designator=S2(Tact_switch_smd)
Added Component: Designator=T1(Poly_tie_5x5)
Added Component: Designator=U1(SLAB-QFN-28-3125x3125TP_N)
Added Component: Designator=U2(LQFP48_N)
Added Component: Designator=U3(DC/DC R-78E)
Added Component: Designator=U4(TO-252_N)
Added Component: Designator=U5(SOIC-SN8_N)
Added Component: Designator=X1(miniUSB)
Added Component: Designator=X2(PINS 7X2.54)
Added Component: Designator=X3(Pins 2x2.54)
Added Component: Designator=X4(Pins 4x2.54)
Added Component: Designator=X5(Pins 3x2.54)
Added Component: Designator=X6(RJ45)
Added Component: Designator=X7(Pins 5x2.54)
Added Component: Designator=X8(RJ45)
Added Component: Designator=Z1(kx 13 12MHz)
Added Component: Designator=Z2(Geyer KX - 327S 32.768kHz)
Added Pin To Net: NetName=+3.3V Pin=C6-2
Added Pin To Net: NetName=+3.3V Pin=C7-2
Added Pin To Net: NetName=+3.3V Pin=C8-2
Added Pin To Net: NetName=+3.3V Pin=C9-2
Added Pin To Net: NetName=+3.3V Pin=C13-2
Added Pin To Net: NetName=+3.3V Pin=L2-1
Added Pin To Net: NetName=+3.3V Pin=R4-1
Added Pin To Net: NetName=+3.3V Pin=S1-1
Added Pin To Net: NetName=+3.3V Pin=U1-6
Added Pin To Net: NetName=+3.3V Pin=U2-1
Added Pin To Net: NetName=+3.3V Pin=U2-24
Added Pin To Net: NetName=+3.3V Pin=U2-36
Added Pin To Net: NetName=+3.3V Pin=U2-48
Added Pin To Net: NetName=+3.3V Pin=U4-4
Added Pin To Net: NetName=+3.3V Pin=X4-3
Added Net: Name=+3.3V
Added Pin To Net: NetName=+5V Pin=C12-2
Added Pin To Net: NetName=+5V Pin=C14-2
Added Pin To Net: NetName=+5V Pin=Q1-3
Added Pin To Net: NetName=+5V Pin=U3-3
Added Pin To Net: NetName=+5V Pin=U4-3
Added Pin To Net: NetName=+5V Pin=U5-3
Added Net: Name=+5V
Added Pin To Net: NetName=+5VUSB Pin=L1-2
Added Pin To Net: NetName=+5VUSB Pin=Q1-2
Added Pin To Net: NetName=+5VUSB Pin=U1-8
Added Net: Name=+5VUSB
Added Pin To Net: NetName=+12V Pin=C10-2
Added Pin To Net: NetName=+12V Pin=C11-2
Added Pin To Net: NetName=+12V Pin=Q1-1
Added Pin To Net: NetName=+12V Pin=R5-2
Added Pin To Net: NetName=+12V Pin=U3-1
Added Pin To Net: NetName=+12V Pin=X5-1
Added Pin To Net: NetName=+12V Pin=X6-6
Added Pin To Net: NetName=+12V Pin=X7-4
Added Pin To Net: NetName=+12V Pin=X8-6
Added Net: Name=+12V
Added Pin To Net: NetName=+_CELL_12 Pin=X2-3
Added Pin To Net: NetName=+_CELL_12 Pin=X3-1
Added Net: Name=+_CELL_12
Added Pin To Net: NetName=-12V Pin=X5-3
Added Pin To Net: NetName=-12V Pin=X6-8
Added Pin To Net: NetName=-12V Pin=X7-5
Added Pin To Net: NetName=-12V Pin=X8-8
Added Net: Name=-12V
Added Pin To Net: NetName=-_CELL_1 Pin=X2-2
Added Pin To Net: NetName=-_CELL_1 Pin=X3-2
Added Net: Name=-_CELL_1
Added Pin To Net: NetName=ADC_IN Pin=U2-18
Added Net: Name=ADC_IN
Added Pin To Net: NetName=A Pin=U2-42
Added Net: Name=A
Added Pin To Net: NetName=BATT_KEY1 Pin=U2-10
Added Pin To Net: NetName=BATT_KEY1 Pin=X2-4
Added Net: Name=BATT_KEY1
Added Pin To Net: NetName=BATT_KEY2 Pin=U2-11
Added Pin To Net: NetName=BATT_KEY2 Pin=X2-5
Added Net: Name=BATT_KEY2
Added Pin To Net: NetName=BOOT Pin=R3-2
Added Pin To Net: NetName=BOOT Pin=S1-2
Added Pin To Net: NetName=BOOT Pin=U2-44
Added Net: Name=BOOT
Added Pin To Net: NetName=B Pin=U2-41
Added Net: Name=B
Added Pin To Net: NetName=CAN_RX Pin=U2-32
Added Pin To Net: NetName=CAN_RX Pin=U5-1
Added Net: Name=CAN_RX
Added Pin To Net: NetName=CAN_TX Pin=U2-33
Added Pin To Net: NetName=CAN_TX Pin=U5-4
Added Net: Name=CAN_TX
Added Pin To Net: NetName=CANH Pin=U5-7
Added Pin To Net: NetName=CANH Pin=X6-2
Added Pin To Net: NetName=CANH Pin=X7-2
Added Pin To Net: NetName=CANH Pin=X8-2
Added Net: Name=CANH
Added Pin To Net: NetName=CANL Pin=U5-6
Added Pin To Net: NetName=CANL Pin=X6-1
Added Pin To Net: NetName=CANL Pin=X7-1
Added Pin To Net: NetName=CANL Pin=X8-1
Added Net: Name=CANL
Added Pin To Net: NetName=C Pin=U2-40
Added Net: Name=C
Added Pin To Net: NetName=EN1 Pin=U2-38
Added Net: Name=EN1
Added Pin To Net: NetName=EN2 Pin=U2-39
Added Net: Name=EN2
Added Pin To Net: NetName=FAN Pin=U2-12
Added Pin To Net: NetName=FAN Pin=X2-6
Added Net: Name=FAN
Added Pin To Net: NetName=GNDA Pin=T1-1
Added Net: Name=GNDA
Added Pin To Net: NetName=GND Pin=C1-1
Added Pin To Net: NetName=GND Pin=C2-1
Added Pin To Net: NetName=GND Pin=C3-1
Added Pin To Net: NetName=GND Pin=C4-1
Added Pin To Net: NetName=GND Pin=C5-1
Added Pin To Net: NetName=GND Pin=C6-1
Added Pin To Net: NetName=GND Pin=C7-1
Added Pin To Net: NetName=GND Pin=C8-1
Added Pin To Net: NetName=GND Pin=C9-1
Added Pin To Net: NetName=GND Pin=C10-1
Added Pin To Net: NetName=GND Pin=C11-1
Added Pin To Net: NetName=GND Pin=C12-1
Added Pin To Net: NetName=GND Pin=C13-1
Added Pin To Net: NetName=GND Pin=C14-1
Added Pin To Net: NetName=GND Pin=R1-2
Added Pin To Net: NetName=GND Pin=R2-1
Added Pin To Net: NetName=GND Pin=R3-1
Added Pin To Net: NetName=GND Pin=R5-1
Added Pin To Net: NetName=GND Pin=R6-1
Added Pin To Net: NetName=GND Pin=S2-1
Added Pin To Net: NetName=GND Pin=T1-2
Added Pin To Net: NetName=GND Pin=U1-3
Added Pin To Net: NetName=GND Pin=U1-29
Added Pin To Net: NetName=GND Pin=U2-8
Added Pin To Net: NetName=GND Pin=U2-23
Added Pin To Net: NetName=GND Pin=U2-35
Added Pin To Net: NetName=GND Pin=U2-47
Added Pin To Net: NetName=GND Pin=U3-2
Added Pin To Net: NetName=GND Pin=U4-1
Added Pin To Net: NetName=GND Pin=U5-2
Added Pin To Net: NetName=GND Pin=X1-5
Added Pin To Net: NetName=GND Pin=X1-6
Added Pin To Net: NetName=GND Pin=X1-7
Added Pin To Net: NetName=GND Pin=X1-8
Added Pin To Net: NetName=GND Pin=X1-9
Added Pin To Net: NetName=GND Pin=X2-7
Added Pin To Net: NetName=GND Pin=X4-4
Added Pin To Net: NetName=GND Pin=X5-2
Added Pin To Net: NetName=GND Pin=X6-4
Added Pin To Net: NetName=GND Pin=X7-3
Added Pin To Net: NetName=GND Pin=X8-4
Added Net: Name=GND
Added Pin To Net: NetName=MULTIP_A Pin=U2-15
Added Net: Name=MULTIP_A
Added Pin To Net: NetName=MULTIP_B Pin=U2-14
Added Net: Name=MULTIP_B
Added Pin To Net: NetName=MULTP_EN Pin=U2-13
Added Net: Name=MULTP_EN
Added Pin To Net: NetName=NetC1_2 Pin=C1-2
Added Pin To Net: NetName=NetC1_2 Pin=U2-5
Added Pin To Net: NetName=NetC1_2 Pin=Z1-1
Added Net: Name=NetC1_2
Added Pin To Net: NetName=NetC2_2 Pin=C2-2
Added Pin To Net: NetName=NetC2_2 Pin=U2-3
Added Pin To Net: NetName=NetC2_2 Pin=Z2-1
Added Net: Name=NetC2_2
Added Pin To Net: NetName=NetC3_2 Pin=C3-2
Added Pin To Net: NetName=NetC3_2 Pin=U2-6
Added Pin To Net: NetName=NetC3_2 Pin=Z1-3
Added Net: Name=NetC3_2
Added Pin To Net: NetName=NetC4_2 Pin=C4-2
Added Pin To Net: NetName=NetC4_2 Pin=U2-4
Added Pin To Net: NetName=NetC4_2 Pin=Z2-2
Added Net: Name=NetC4_2
Added Pin To Net: NetName=NetC5_2 Pin=C5-2
Added Pin To Net: NetName=NetC5_2 Pin=L2-2
Added Pin To Net: NetName=NetC5_2 Pin=U2-9
Added Net: Name=NetC5_2
Added Pin To Net: NetName=NetH1_1 Pin=H1-1
Added Pin To Net: NetName=NetH1_1 Pin=U2-26
Added Net: Name=NetH1_1
Added Pin To Net: NetName=NetH1_2 Pin=H1-2
Added Pin To Net: NetName=NetH1_2 Pin=R1-1
Added Net: Name=NetH1_2
Added Pin To Net: NetName=NetH2_1 Pin=H2-1
Added Pin To Net: NetName=NetH2_1 Pin=U2-25
Added Net: Name=NetH2_1
Added Pin To Net: NetName=NetH2_2 Pin=H2-2
Added Pin To Net: NetName=NetH2_2 Pin=R2-2
Added Net: Name=NetH2_2
Added Pin To Net: NetName=NetR6_2 Pin=R6-2
Added Pin To Net: NetName=NetR6_2 Pin=U5-8
Added Net: Name=NetR6_2
Added Pin To Net: NetName=NetU1_4 Pin=U1-4
Added Pin To Net: NetName=NetU1_4 Pin=X1-3
Added Net: Name=NetU1_4
Added Pin To Net: NetName=NetU1_5 Pin=U1-5
Added Pin To Net: NetName=NetU1_5 Pin=X1-2
Added Net: Name=NetU1_5
Added Pin To Net: NetName=POWER_CONTROL Pin=U2-19
Added Pin To Net: NetName=POWER_CONTROL Pin=X2-1
Added Net: Name=POWER_CONTROL
Added Pin To Net: NetName=RST Pin=R4-2
Added Pin To Net: NetName=RST Pin=S2-2
Added Pin To Net: NetName=RST Pin=U2-7
Added Net: Name=RST
Added Pin To Net: NetName=SPI_ADC2_CS Pin=U2-43
Added Net: Name=SPI_ADC2_CS
Added Pin To Net: NetName=SWC Pin=U2-37
Added Pin To Net: NetName=SWC Pin=X4-2
Added Net: Name=SWC
Added Pin To Net: NetName=SWD Pin=U2-34
Added Pin To Net: NetName=SWD Pin=X4-1
Added Net: Name=SWD
Added Pin To Net: NetName=UART_RX Pin=U1-26
Added Pin To Net: NetName=UART_RX Pin=U2-31
Added Net: Name=UART_RX
Added Pin To Net: NetName=UART_TX Pin=U1-25
Added Pin To Net: NetName=UART_TX Pin=U2-30
Added Net: Name=UART_TX
Added Class: Name=I_measurement_lut
