Removed Pin From Net: NetName=+12V Pin=P1-1
Removed Pin From Net: NetName=CS Pin=P1-2
Removed Pin From Net: NetName=MISO Pin=P1-4
Removed Pin From Net: NetName=CLK Pin=P1-6
Removed Pin From Net: NetName=+3.3V Pin=P1-8
Removed Pin From Net: NetName=-12V Pin=P1-9
Removed Pin From Net: NetName=GND Pin=P1-10
Removed Pin From Net: NetName=+12V Pin=P2-1
Removed Pin From Net: NetName=CS Pin=P2-2
Removed Pin From Net: NetName=MISO Pin=P2-4
Removed Pin From Net: NetName=CLK Pin=P2-6
Removed Pin From Net: NetName=+3.3V Pin=P2-8
Removed Pin From Net: NetName=-12V Pin=P2-9
Removed Pin From Net: NetName=GND Pin=P2-10
Removed Pin From Net: NetName=+12V Pin=P3-1
Removed Pin From Net: NetName=CS Pin=P3-2
Removed Pin From Net: NetName=MISO Pin=P3-4
Removed Pin From Net: NetName=CLK Pin=P3-6
Removed Pin From Net: NetName=+3.3V Pin=P3-8
Removed Pin From Net: NetName=-12V Pin=P3-9
Removed Pin From Net: NetName=GND Pin=P3-10
Removed Pin From Net: NetName=+12V Pin=P4-1
Removed Pin From Net: NetName=CS Pin=P4-2
Removed Pin From Net: NetName=MISO Pin=P4-4
Removed Pin From Net: NetName=CLK Pin=P4-6
Removed Pin From Net: NetName=+3.3V Pin=P4-8
Removed Pin From Net: NetName=-12V Pin=P4-9
Removed Pin From Net: NetName=GND Pin=P4-10
Removed Member From Class: ClassName=I_measurement_lut Member=P1
Removed Member From Class: ClassName=I_measurement_lut Member=P2
Removed Member From Class: ClassName=I_measurement_lut Member=P3
Removed Member From Class: ClassName=I_measurement_lut Member=P4
Added Component: Designator=X9(IDC-10)
Added Component: Designator=X10(IDC-10)
Added Component: Designator=X11(IDC-10)
Added Component: Designator=X12(IDC-10)
Added Pin To Net: NetName=+12V Pin=X9-1
Added Pin To Net: NetName=CS Pin=X9-2
Added Pin To Net: NetName=MISO Pin=X9-4
Added Pin To Net: NetName=CLK Pin=X9-6
Added Pin To Net: NetName=+3.3V Pin=X9-8
Added Pin To Net: NetName=-12V Pin=X9-9
Added Pin To Net: NetName=GND Pin=X9-10
Added Pin To Net: NetName=+12V Pin=X10-1
Added Pin To Net: NetName=CS Pin=X10-2
Added Pin To Net: NetName=MISO Pin=X10-4
Added Pin To Net: NetName=CLK Pin=X10-6
Added Pin To Net: NetName=+3.3V Pin=X10-8
Added Pin To Net: NetName=-12V Pin=X10-9
Added Pin To Net: NetName=GND Pin=X10-10
Added Pin To Net: NetName=+12V Pin=X11-1
Added Pin To Net: NetName=CS Pin=X11-2
Added Pin To Net: NetName=MISO Pin=X11-4
Added Pin To Net: NetName=CLK Pin=X11-6
Added Pin To Net: NetName=+3.3V Pin=X11-8
Added Pin To Net: NetName=-12V Pin=X11-9
Added Pin To Net: NetName=GND Pin=X11-10
Added Pin To Net: NetName=+12V Pin=X12-1
Added Pin To Net: NetName=CS Pin=X12-2
Added Pin To Net: NetName=MISO Pin=X12-4
Added Pin To Net: NetName=CLK Pin=X12-6
Added Pin To Net: NetName=+3.3V Pin=X12-8
Added Pin To Net: NetName=-12V Pin=X12-9
Added Pin To Net: NetName=GND Pin=X12-10
Added Member To Class: ClassName=I_measurement_lut Member=Component X9 IDC-10
Added Member To Class: ClassName=I_measurement_lut Member=Component X10 IDC-10
Added Member To Class: ClassName=I_measurement_lut Member=Component X11 IDC-10
Added Member To Class: ClassName=I_measurement_lut Member=Component X12 IDC-10
